0 info it worked if it ends with ok
1 verbose cli [ 'node', '/usr/local/bin/npm', 'install', '-g', 'cofee-script' ]
2 info using npm@1.3.17
3 info using node@v0.10.23
4 verbose cache add [ 'cofee-script', null ]
5 verbose cache add name=undefined spec="cofee-script" args=["cofee-script",null]
6 verbose parsed url { protocol: null,
6 verbose parsed url   slashes: null,
6 verbose parsed url   auth: null,
6 verbose parsed url   host: null,
6 verbose parsed url   port: null,
6 verbose parsed url   hostname: null,
6 verbose parsed url   hash: null,
6 verbose parsed url   search: null,
6 verbose parsed url   query: null,
6 verbose parsed url   pathname: 'cofee-script',
6 verbose parsed url   path: 'cofee-script',
6 verbose parsed url   href: 'cofee-script' }
7 silly lockFile e69dbbb1-cofee-script cofee-script
8 verbose lock cofee-script /Users/Amir/.npm/e69dbbb1-cofee-script.lock
9 silly lockFile e69dbbb1-cofee-script cofee-script
10 silly lockFile e69dbbb1-cofee-script cofee-script
11 verbose addNamed [ 'cofee-script', '' ]
12 verbose addNamed [ null, '*' ]
13 silly lockFile 794481e8-cofee-script cofee-script@
14 verbose lock cofee-script@ /Users/Amir/.npm/794481e8-cofee-script.lock
15 silly addNameRange { name: 'cofee-script', range: '*', hasData: false }
16 verbose url raw cofee-script
17 verbose url resolving [ 'https://registry.npmjs.org/', './cofee-script' ]
18 verbose url resolved https://registry.npmjs.org/cofee-script
19 info trying registry request attempt 1 at 09:49:10
20 http GET https://registry.npmjs.org/cofee-script
21 http 404 https://registry.npmjs.org/cofee-script
22 silly registry.get cb [ 404,
22 silly registry.get   { server: 'CouchDB/1.5.0 (Erlang OTP/R15B03)',
22 silly registry.get     date: 'Fri, 20 Dec 2013 08:49:11 GMT',
22 silly registry.get     'content-type': 'application/json',
22 silly registry.get     'content-length': '52',
22 silly registry.get     'cache-control': 'must-revalidate' } ]
23 silly lockFile 794481e8-cofee-script cofee-script@
24 silly lockFile 794481e8-cofee-script cofee-script@
25 error 404 'cofee-script' is not in the npm registry.
25 error 404 You should bug the author to publish it
25 error 404
25 error 404 Note that you can also install from a
25 error 404 tarball, folder, or http url, or git url.
26 error System Darwin 13.0.0
27 error command "node" "/usr/local/bin/npm" "install" "-g" "cofee-script"
28 error cwd /Users/Amir/Documents/code/mvp_eduhub
29 error node -v v0.10.23
30 error npm -v 1.3.17
31 error code E404
32 verbose exit [ 1, true ]
